# Logfile created on Sun Sep 28 11:52:14 +0200 2008 by /
D, [2008-09-28T11:52:18.887735 #8284] DEBUG -- : INPUT> exit
D, [2008-09-28T11:52:18.888023 #8284] DEBUG -- : OUTPUT> See you again.
D, [2008-09-28T12:01:26.195754 #8396] DEBUG -- : INPUT> exit
D, [2008-09-28T12:01:26.228608 #8396] DEBUG -- : OUTPUT> See you again.
D, [2008-09-28T13:55:59.524189 #10207] DEBUG -- : INPUT> exit
D, [2008-09-28T13:55:59.524455 #10207] DEBUG -- : OUTPUT> See you again.
D, [2008-09-28T15:10:39.200125 #11368] DEBUG -- : INPUT> exit
D, [2008-09-28T15:10:39.200382 #11368] DEBUG -- : OUTPUT> See you again.
D, [2008-09-28T15:17:51.689327 #11560] DEBUG -- : INPUT> exit
D, [2008-09-28T15:17:51.785806 #11560] DEBUG -- : OUTPUT> See you again.
D, [2008-09-28T21:01:53.438541 #16189] DEBUG -- : INPUT> GET CHATMESSAGE  #rubi_bot/$ypetya;327181e88e00761 SENDER
D, [2008-09-28T21:01:53.659953 #16189] DEBUG -- : OUTPUT> ERROR 14 Invalid message id
D, [2008-09-28T21:01:58.615626 #16189] DEBUG -- : INPUT> GET CHATMESSAGE #rubi_bot/$ypetya;327181e88e00761 SENDER
D, [2008-09-28T21:01:58.742279 #16189] DEBUG -- : OUTPUT> ERROR 14 Invalid message id
D, [2008-09-28T21:02:42.098606 #16189] DEBUG -- : INPUT> GET CHATMESSAGE 2846 SENDER
D, [2008-09-28T21:02:42.237935 #16189] DEBUG -- : OUTPUT> ERROR 16 Invalid PROP
D, [2008-09-28T21:02:46.280277 #16189] DEBUG -- : INPUT> GET CHATMESSAGE 2846 PARTNER
D, [2008-09-28T21:02:46.371343 #16189] DEBUG -- : OUTPUT> ERROR 16 Invalid PROP
D, [2008-09-28T21:02:48.930520 #16189] DEBUG -- : INPUT> GET CHATMESSAGE 2846 PARTNER_HANDLE
D, [2008-09-28T21:02:49.026248 #16189] DEBUG -- : OUTPUT> ERROR 16 Invalid PROP
D, [2008-09-28T21:02:51.874190 #16189] DEBUG -- : INPUT> GET CHATMESSAGE 2846 PARTNERHANDLE
D, [2008-09-28T21:02:51.952719 #16189] DEBUG -- : OUTPUT> ERROR 16 Invalid PROP
D, [2008-09-28T21:02:56.759251 #16189] DEBUG -- : INPUT> GET CHATMESSAGE 2846 USER
D, [2008-09-28T21:02:56.848121 #16189] DEBUG -- : OUTPUT> ERROR 16 Invalid PROP
D, [2008-09-28T21:03:01.336768 #16189] DEBUG -- : INPUT> GET CHATMESSAGE 2846 HANDLE
D, [2008-09-28T21:03:01.425015 #16189] DEBUG -- : OUTPUT> ERROR 16 Invalid PROP
D, [2008-09-28T21:03:05.566784 #16189] DEBUG -- : INPUT> GET CHATMESSAGE 2846 USER_HANDLE
D, [2008-09-28T21:03:05.661396 #16189] DEBUG -- : OUTPUT> ERROR 16 Invalid PROP
D, [2008-09-28T21:03:09.811472 #16189] DEBUG -- : INPUT> GET CHATMESSAGE 2846 PROP
D, [2008-09-28T21:03:09.960060 #16189] DEBUG -- : OUTPUT> ERROR 16 Invalid PROP
D, [2008-09-28T21:03:12.704393 #16189] DEBUG -- : INPUT> GET CHATMESSAGE 2846
D, [2008-09-28T21:03:12.786771 #16189] DEBUG -- : OUTPUT> ERROR 16 Invalid PROP
D, [2008-09-28T21:03:24.093094 #16189] DEBUG -- : INPUT> GET CHATMESSAGE 2846TIMESTAMP
D, [2008-09-28T21:03:24.483203 #16189] DEBUG -- : OUTPUT> ERROR 14 Invalid message id
D, [2008-09-28T21:03:27.848714 #16189] DEBUG -- : INPUT> GET CHATMESSAGE 284 6TIMESTAMP
D, [2008-09-28T21:03:28.266366 #16189] DEBUG -- : OUTPUT> ERROR 68
D, [2008-09-28T21:03:32.180807 #16189] DEBUG -- : INPUT> GET CHATMESSAGE 2846 TIMESTAMP
D, [2008-09-28T21:03:32.274055 #16189] DEBUG -- : OUTPUT> CHATMESSAGE 2846 TIMESTAMP 1222628393
D, [2008-09-28T21:03:42.465125 #16189] DEBUG -- : INPUT> GET CHATMESSAGE 2846 PARTNER_ID
D, [2008-09-28T21:03:42.539178 #16189] DEBUG -- : OUTPUT> ERROR 16 Invalid PROP
D, [2008-09-28T21:03:45.168465 #16189] DEBUG -- : INPUT> GET CHATMESSAGE 2846 PARTNER
D, [2008-09-28T21:03:45.255819 #16189] DEBUG -- : OUTPUT> ERROR 16 Invalid PROP
D, [2008-09-28T21:03:50.584280 #16189] DEBUG -- : INPUT> GET CHATMESSAGE 2846 TYPE
D, [2008-09-28T21:03:50.664300 #16189] DEBUG -- : OUTPUT> CHATMESSAGE 2846 TYPE SETTOPIC
D, [2008-09-28T21:04:18.007282 #16189] DEBUG -- : INPUT> GET CHATMESSAGE 2846 USERS
D, [2008-09-28T21:04:18.163300 #16189] DEBUG -- : OUTPUT> CHATMESSAGE 2846 USERS 
D, [2008-09-28T21:04:27.608168 #16189] DEBUG -- : INPUT> GET CHATMESSAGE 2846 OWNER
D, [2008-09-28T21:04:27.687384 #16189] DEBUG -- : OUTPUT> ERROR 16 Invalid PROP
D, [2008-09-28T21:04:34.258464 #16189] DEBUG -- : INPUT> GET CHATMESSAGE 2846 HANDLE
D, [2008-09-28T21:04:34.340069 #16189] DEBUG -- : OUTPUT> ERROR 16 Invalid PROP
D, [2008-09-28T21:04:41.160916 #16189] DEBUG -- : INPUT> GET CHATMESSAGE 2846
D, [2008-09-28T21:04:41.331720 #16189] DEBUG -- : OUTPUT> ERROR 16 Invalid PROP
D, [2008-09-28T21:05:54.234076 #16189] DEBUG -- : INPUT> GET CHATMESSAGE 2846 FROM_HANDLE
D, [2008-09-28T21:05:54.320241 #16189] DEBUG -- : OUTPUT> CHATMESSAGE 2846 FROM_HANDLE ypetya
D, [2008-09-28T21:13:41.079928 #16360] DEBUG -- : INPUT> GET CHAT #rubi_bot/$ypetya;32718 CHATMESSAGES
D, [2008-09-28T21:13:41.220106 #16360] DEBUG -- : OUTPUT> ERROR 105 Invalid chat name
D, [2008-09-28T21:13:51.974722 #16360] DEBUG -- : INPUT> GET CHAT #rubi_bot/$ypetya;32718 NAME
D, [2008-09-28T21:13:52.052611 #16360] DEBUG -- : OUTPUT> ERROR 105 Invalid chat name
D, [2008-09-28T21:14:04.873182 #16360] DEBUG -- : INPUT> GET CHAT #rubi_bot/$ypetya;32718 NAME
D, [2008-09-28T21:14:05.102012 #16360] DEBUG -- : OUTPUT> ERROR 105 Invalid chat name
D, [2008-09-28T21:14:17.216494 #16360] DEBUG -- : INPUT> GET CHAT #rubi_bot/$ypetya;327181e88e00761 CHATMESSAGES
D, [2008-09-28T21:14:45.558800 #16360] DEBUG -- : INPUT> GET CHAT #rubi_bot/$ypetya;327181e88e00761 NAME
D, [2008-09-28T21:14:45.678979 #16360] DEBUG -- : OUTPUT> CHAT #rubi_bot/$ypetya;327181e88e00761 NAME #rubi_bot/$ypetya;327181e88e00761
D, [2008-09-28T21:34:49.028347 #16720] DEBUG -- : INPUT> SEARCH FILETRANSFERS
D, [2008-09-28T21:35:42.397400 #16720] DEBUG -- : INPUT> SEARCH ACTIVEFILETRANSFERS
D, [2008-09-28T21:35:42.509538 #16720] DEBUG -- : OUTPUT> FILETRANSFERS 3013
D, [2008-09-28T21:37:24.632116 #16720] DEBUG -- : INPUT> GET FILETRANSFER 3013
D, [2008-09-28T21:37:24.725244 #16720] DEBUG -- : OUTPUT> ERROR 596 FILETRANSFER: Invalid FILETRANSFER property given
D, [2008-09-28T21:37:32.430038 #16720] DEBUG -- : INPUT> GET FILETRANSFER 3013 STATUS
D, [2008-09-28T21:37:32.560651 #16720] DEBUG -- : OUTPUT> FILETRANSFER 3013 STATUS NEW
D, [2008-09-28T21:38:16.517244 #16720] DEBUG -- : INPUT> FILETRANSFER 3013 STATUS
D, [2008-09-28T21:38:16.689413 #16720] DEBUG -- : OUTPUT> ERROR 2 Unknown command
D, [2008-09-28T21:38:23.840464 #16720] DEBUG -- : INPUT> SET FILETRANSFER 3013 ACCEPT
D, [2008-09-28T21:38:23.985262 #16720] DEBUG -- : OUTPUT> ERROR 18 SET: invalid WHAT
D, [2008-09-28T21:40:44.794251 #16720] DEBUG -- : INPUT> GET MISSEDCHATS
D, [2008-09-28T21:40:44.917881 #16720] DEBUG -- : OUTPUT> ERROR 7 GET: invalid WHAT
D, [2008-09-28T21:40:47.761699 #16720] DEBUG -- : INPUT> GET MISSEDCHAT
D, [2008-09-28T21:40:47.938745 #16720] DEBUG -- : OUTPUT> ERROR 7 GET: invalid WHAT
D, [2008-09-28T21:40:53.866594 #16720] DEBUG -- : INPUT> SEARCH MISSEDCHAT
D, [2008-09-28T21:40:54.051415 #16720] DEBUG -- : OUTPUT> ERROR 3 Search: unknown WHAT
D, [2008-09-28T21:40:56.416721 #16720] DEBUG -- : INPUT> SEARCH MISSEDCHATS
D, [2008-09-28T21:40:56.508623 #16720] DEBUG -- : OUTPUT> CHATS #rubi_bot/$ypetya;327181e88e00761
D, [2008-09-28T21:41:41.143785 #16720] DEBUG -- : INPUT> GET CHAT CHATMESSAGES
D, [2008-09-28T21:41:41.247931 #16720] DEBUG -- : OUTPUT> ERROR 105 Invalid chat name
D, [2008-09-28T21:41:51.813258 #16720] DEBUG -- : INPUT> GET CHAT #rubi_bot/$ypetya;327181e88e00761 CHATMESSAGES
D, [2008-09-28T21:41:56.483938 #16720] DEBUG -- : INPUT> GET CHAT #rubi_bot/$ypetya;327181e88e00761 HISTORY
D, [2008-09-28T21:41:56.714702 #16720] DEBUG -- : OUTPUT> ERROR 106 Invalid PROP
D, [2008-09-28T21:42:01.987399 #16720] DEBUG -- : INPUT> GET CHAT #rubi_bot/$ypetya;327181e88e00761 HISTORY_MESSAGES
D, [2008-09-28T21:42:02.101235 #16720] DEBUG -- : OUTPUT> ERROR 106 Invalid PROP
D, [2008-09-28T21:42:13.956035 #16720] DEBUG -- : INPUT> GET CHAT #rubi_bot/$ypetya;327181e88e00761 OLD_CHATMESSAGES
D, [2008-09-28T21:42:14.031413 #16720] DEBUG -- : OUTPUT> ERROR 106 Invalid PROP
D, [2008-09-28T21:46:42.648443 #16720] DEBUG -- : INPUT> GET CHAT #rubi_bot/$ypetya;327181e88e00761 OLD_CHATMESSAGES
D, [2008-09-28T21:46:42.775795 #16720] DEBUG -- : OUTPUT> ERROR 106 Invalid PROP
D, [2008-09-28T21:46:48.467388 #16720] DEBUG -- : INPUT> SEARCH IMHISTORY
D, [2008-09-28T21:46:48.598603 #16720] DEBUG -- : OUTPUT> ERROR 3 Search: unknown WHAT
D, [2008-09-28T21:46:52.313391 #16720] DEBUG -- : INPUT> SEARCH HISTORY
D, [2008-09-28T21:46:52.422783 #16720] DEBUG -- : OUTPUT> ERROR 3 Search: unknown WHAT
D, [2008-09-28T21:46:56.493627 #16720] DEBUG -- : INPUT> SEARCH HISTORY imandak
D, [2008-09-28T21:46:56.576744 #16720] DEBUG -- : OUTPUT> ERROR 3 Search: unknown WHAT
D, [2008-09-28T21:47:03.298009 #16720] DEBUG -- : INPUT> GET CHATMESSAGES imandak
D, [2008-09-28T21:47:03.419051 #16720] DEBUG -- : OUTPUT> ERROR 7 GET: invalid WHAT
D, [2008-09-28T21:47:18.100810 #16720] DEBUG -- : INPUT> SEARCH USER imandak CHATMESSAGES
D, [2008-09-28T21:47:18.210510 #16720] DEBUG -- : OUTPUT> ERROR 3 Search: unknown WHAT
D, [2008-09-28T21:47:36.716862 #16720] DEBUG -- : INPUT> SEARCH CHAT #rubi_bot/$ypetya;327181e88e00761 CHATMESSAGES
D, [2008-09-28T21:47:36.799590 #16720] DEBUG -- : OUTPUT> ERROR 3 Search: unknown WHAT
D, [2008-09-28T21:47:42.215974 #16720] DEBUG -- : INPUT> SEARCH CHAT #rubi_bot/$ypetya;327181e88e00761
D, [2008-09-28T21:47:42.343144 #16720] DEBUG -- : OUTPUT> ERROR 3 Search: unknown WHAT
D, [2008-09-28T21:47:47.828951 #16720] DEBUG -- : INPUT> SEARCH CHATS #rubi_bot/$ypetya;327181e88e00761
D, [2008-09-28T21:47:47.960686 #16720] DEBUG -- : OUTPUT> ERROR 107 Target not allowed with CHATS
D, [2008-09-28T21:47:53.136240 #16720] DEBUG -- : INPUT> SEARCH CHATS
D, [2008-09-28T21:48:00.172752 #16720] DEBUG -- : INPUT> GET CHATS
D, [2008-09-28T21:48:00.342209 #16720] DEBUG -- : OUTPUT> ERROR 7 GET: invalid WHAT
D, [2008-09-28T21:48:15.420403 #16720] DEBUG -- : INPUT> GET CHAT #rubi_bot/$ypetya;327181e88e00761 MESSAGES
D, [2008-09-28T21:48:15.522288 #16720] DEBUG -- : OUTPUT> ERROR 106 Invalid PROP
D, [2008-09-28T21:48:18.090426 #16720] DEBUG -- : INPUT> GET CHAT #rubi_bot/$ypetya;327181e88e00761 MESSAGE
D, [2008-09-28T21:48:18.471324 #16720] DEBUG -- : OUTPUT> ERROR 106 Invalid PROP
D, [2008-09-28T21:48:24.504361 #16720] DEBUG -- : INPUT> GET CHAT #rubi_bot/$ypetya;327181e88e00761 CHATMESSAGES
D, [2008-09-28T21:49:19.033660 #16720] DEBUG -- : INPUT> exit
D, [2008-09-28T21:49:19.033927 #16720] DEBUG -- : OUTPUT> See you again.
D, [2008-09-28T21:55:01.125027 #17081] DEBUG -- : INPUT> SEARCH CHATMESSAGES
D, [2008-09-28T21:55:43.566702 #17081] DEBUG -- : INPUT> SEARCH CHATS
D, [2008-09-28T22:09:19.154673 #17351] DEBUG -- : INPUT> SEARCH CHAT #rubi_bot/$ypetya;327181e88e00761 CHATMESSAGES
D, [2008-09-28T22:09:20.841599 #17351] DEBUG -- : OUTPUT> ERROR 3 Search: unknown WHAT
D, [2008-09-28T22:09:31.909932 #17351] DEBUG -- : INPUT> GET CHAT #rubi_bot/$ypetya;327181e88e00761 CHATMESSAGES
D, [2008-09-28T22:11:03.568248 #17351] DEBUG -- : INPUT> GET CHAT #rubi_bot/$ypetya;327181e88e00761 CHATMESSAGES
D, [2008-09-28T22:11:46.898350 #17351] DEBUG -- : INPUT> GET CHAT #rubi_bot/$ypetya;327181e88e00761 RECENTCHATMESSAGES
D, [2008-09-28T22:11:46.992603 #17351] DEBUG -- : OUTPUT> CHAT #rubi_bot/$ypetya;327181e88e00761 RECENTCHATMESSAGES 2911, 2913, 2914, 2933, 2934, 2939, 2940, 2941, 2942, 2944, 2945, 2946, 2947, 2948, 2949, 2950, 2968, 2969, 3045, 5390, 5391, 5392, 5393, 5398, 5424, 5427, 5428, 5429, 5430, 5431, 5432, 5433, 5434, 5449, 5450, 5451, 5452, 5468
D, [2008-09-28T22:12:16.749527 #17351] DEBUG -- : INPUT> GET CHATS
D, [2008-09-28T22:12:16.852316 #17351] DEBUG -- : OUTPUT> ERROR 7 GET: invalid WHAT
D, [2008-09-28T22:12:20.988638 #17351] DEBUG -- : INPUT> SEARCH CHATS
D, [2008-09-28T22:14:53.197990 #17351] DEBUG -- : INPUT> SEARCH MISSEDCHATS
D, [2008-09-28T22:14:53.300301 #17351] DEBUG -- : OUTPUT> CHATS #rubi_bot/$ypetya;327181e88e00761
D, [2008-09-28T22:15:00.129679 #17351] DEBUG -- : INPUT> exit
D, [2008-09-28T22:15:00.129959 #17351] DEBUG -- : OUTPUT> See you again.
D, [2008-09-28T22:26:31.471386 #17703] DEBUG -- : INPUT> GET CHATS
D, [2008-09-28T22:26:31.634269 #17703] DEBUG -- : OUTPUT> ERROR 7 GET: invalid WHAT
D, [2008-09-28T22:26:35.899177 #17703] DEBUG -- : INPUT> SEARCH CHATS
D, [2008-09-28T22:39:29.528762 #17703] DEBUG -- : INPUT> SEARCH CHATS
D, [2008-09-28T22:40:16.372985 #17703] DEBUG -- : INPUT> SEARCH FRIENDS
D, [2008-09-28T22:40:16.527700 #17703] DEBUG -- : OUTPUT> USERS echo123, csillag5493, cerume, czigler.ferenc1, bazso80, dundlertunde, eszter.kardos, gabor_pohl, ga.erka, gedudas, matchjoe, qspiii, pasztorlenard, halasz.gabor, gakos76, hegebacsi, imandak, laczekbeno, mick_hu, r0sewater, philofobreal, kalmanp, hajostamas, leczbalazs, notisrac, ratkaimiklos, raymondloewy, aszalo, danci797, lua.piroska, webhauser, sage77, slacoo, szalo.marta, temesvariszilvi, webwodka, raggafuegos, toldy.arpad, solyom_eva, tmurphy_audio, santos_work, xigi__, gilicze.balint, peter.horvath, kzsombor, tobias.pali, seresznye, almassy24, dekan.szilvia, petod87, pallattila, zsuzsu, ranczlajos, potinue, txandra, glendvai, dercsar, summonk2, gybota, andrasvass, zforgo, gulyas.istvan_virgosystems.hu, zachar.krisztian, toth.andrea., szantner_attila, lackac, dzsodzso63, pukimarj, esztikoltai, rszikora, szaboat, borospetya, jyve01, thomas_grand, moripeter, v.a.lucky, bibicz_at_work, himhaat, rubi_bot
D, [2008-09-28T22:42:50.538218 #17703] DEBUG -- : INPUT> exit
D, [2008-09-28T22:42:50.538488 #17703] DEBUG -- : OUTPUT> See you again.
D, [2008-09-30T02:33:08.873260 #22977] DEBUG -- : INPUT> GET MISSEDCHATMESSAGES
D, [2008-09-30T02:33:09.080761 #22977] DEBUG -- : OUTPUT> ERROR 7 GET: invalid WHAT
D, [2008-09-30T02:33:17.648567 #22977] DEBUG -- : INPUT> SEARCH MISSEDCHATMESSAGES
D, [2008-09-30T02:33:18.141412 #22977] DEBUG -- : OUTPUT> ERROR 68
D, [2008-09-30T02:33:21.739526 #22977] DEBUG -- : INPUT> SEARCH MISSEDCHATMESSAGES
D, [2008-09-30T02:33:22.008193 #22977] DEBUG -- : OUTPUT> ERROR 68
D, [2008-09-30T02:33:30.183174 #22977] DEBUG -- : INPUT> SEARCH M
D, [2008-09-30T02:33:30.640100 #22977] DEBUG -- : OUTPUT> ERROR 68
D, [2008-09-30T02:33:37.564186 #22977] DEBUG -- : INPUT> SEARCH MISSEDMESSAGES
D, [2008-10-09T22:32:42.809030 #7797] DEBUG -- : INPUT> GET CHATS
D, [2008-10-09T22:32:43.056727 #7797] DEBUG -- : OUTPUT> ERROR 7 GET: invalid WHAT
D, [2008-10-09T22:32:49.464990 #7797] DEBUG -- : INPUT> SEARCH CHATS
D, [2008-10-09T22:34:40.092738 #7832] DEBUG -- : INPUT> SEARCH CHATS
D, [2008-10-09T22:38:14.181185 #7883] DEBUG -- : INPUT> SEARCH CHATS
D, [2008-10-09T22:39:33.449719 #7923] DEBUG -- : INPUT> SEARCH CHATS
D, [2008-10-09T22:42:52.178787 #7976] DEBUG -- : INPUT> SEARCH CHATS
D, [2008-10-09T22:45:22.298009 #8034] DEBUG -- : INPUT> SEARCH CHATS
D, [2008-10-09T22:58:49.400401 #8284] DEBUG -- : INPUT> SEARCH CHATS
D, [2008-10-09T23:06:15.956215 #8430] DEBUG -- : INPUT> SEARCH CHATS
D, [2008-10-09T23:11:21.847015 #8516] DEBUG -- : INPUT> SEARCH CHATS
D, [2008-10-09T23:12:26.384438 #8538] DEBUG -- : INPUT> SEARCH CHATS
D, [2008-10-09T23:12:48.885334 #8552] DEBUG -- : INPUT> SEARCH CHATS
D, [2008-10-09T23:13:39.252653 #8572] DEBUG -- : INPUT> SEARCH CHATS
D, [2008-10-09T23:15:11.958838 #8600] DEBUG -- : INPUT> SEARCH CHATS
D, [2008-10-09T23:16:44.656193 #8629] DEBUG -- : INPUT> SEARCH CHATS
D, [2008-10-09T23:17:54.441671 #8661] DEBUG -- : INPUT> SEARCH CHATS
D, [2008-10-09T23:26:41.542371 #8785] DEBUG -- : INPUT> SEARCH CHATS
D, [2008-10-09T23:27:27.542606 #8802] DEBUG -- : INPUT> SEARCH CHATS
D, [2008-10-09T23:28:12.578261 #8820] DEBUG -- : INPUT> SEARCH CHATS
D, [2008-10-09T23:28:31.281646 #8833] DEBUG -- : INPUT> SEARCH CHATS
D, [2008-10-09T23:29:19.888658 #8852] DEBUG -- : INPUT> SEARCH CHATS
D, [2008-10-09T23:29:52.734863 #8867] DEBUG -- : INPUT> SEARCH CHATS
D, [2008-10-09T23:32:01.202251 #8903] DEBUG -- : INPUT> SEARCH CHATS
D, [2008-10-09T23:33:11.467065 #8926] DEBUG -- : INPUT> SEARCH CHATS
D, [2008-10-09T23:33:43.284306 #8940] DEBUG -- : INPUT> SEARCH CHATS
D, [2008-10-09T23:35:16.305873 #8968] DEBUG -- : INPUT> SEARCH CHATS
D, [2008-10-09T23:42:01.004427 #9075] DEBUG -- : INPUT> SEARCH CHATS
D, [2008-10-09T23:43:09.138438 #9098] DEBUG -- : INPUT> SEARCH CHATS
D, [2008-10-09T23:48:36.664248 #9185] DEBUG -- : INPUT> SEARCH CHATS
D, [2008-10-09T23:49:15.103472 #9209] DEBUG -- : INPUT> SEARCH CHATS
D, [2008-10-09T23:49:40.015135 #9221] DEBUG -- : INPUT> SEARCH CHATS
D, [2008-10-09T23:50:37.200266 #9244] DEBUG -- : INPUT> SEARCH CHATS
D, [2008-10-09T23:55:07.070908 #9315] DEBUG -- : INPUT> SEARCH CHATS
D, [2008-10-09T23:56:07.885753 #9335] DEBUG -- : INPUT> SEARCH CHATS
D, [2008-10-10T00:13:48.008191 #9596] DEBUG -- : INPUT> SEARCH CHATS
D, [2008-10-10T00:16:02.503083 #9640] DEBUG -- : INPUT> SEARCH CHATS
D, [2008-10-10T00:16:49.311240 #9658] DEBUG -- : INPUT> SEARCH CHATS
D, [2008-10-10T00:17:41.448977 #9680] DEBUG -- : INPUT> SEARCH CHATs
D, [2008-10-10T00:19:04.942358 #9707] DEBUG -- : INPUT> SEARCH CHATS
